<?xml version="1.0" encoding="UTF-8"?>
<testsuite xmlns:xsi="http://www.w3.org/2001/XMLSchema-instance" xsi:noNamespaceSchemaLocation="https://maven.apache.org/surefire/maven-surefire-plugin/xsd/surefire-test-report.xsd" name="com.afoone.AppTest" time="0.062" tests="1" errors="0" skipped="0" failures="0">
  <properties>
    <property name="awt.toolkit" value="sun.awt.X11.XToolkit"/>
    <property name="file.encoding.pkg" value="sun.io"/>
    <property name="java.specification.version" value="1.8"/>
    <property name="sun.cpu.isalist" value=""/>
    <property name="sun.jnu.encoding" value="UTF-8"/>
    <property name="java.class.path" value="/home/afoone/desarrollo/cursos/kafka/kafkajun2020/01-producers/kafkaproducers/target/test-classes:/home/afoone/desarrollo/cursos/kafka/kafkajun2020/01-producers/kafkaproducers/target/classes:/home/afoone/.m2/repository/junit/junit/4.11/junit-4.11.jar:/home/afoone/.m2/repository/org/hamcrest/hamcrest-core/1.3/hamcrest-core-1.3.jar:/home/afoone/.m2/repository/org/apache/kafka/kafka_2.13/2.8.0/kafka_2.13-2.8.0.jar:/home/afoone/.m2/repository/org/apache/kafka/kafka-metadata/2.8.0/kafka-metadata-2.8.0.jar:/home/afoone/.m2/repository/org/apache/kafka/kafka-raft/2.8.0/kafka-raft-2.8.0.jar:/home/afoone/.m2/repository/net/sourceforge/argparse4j/argparse4j/0.7.0/argparse4j-0.7.0.jar:/home/afoone/.m2/repository/com/fasterxml/jackson/core/jackson-databind/2.10.5.1/jackson-databind-2.10.5.1.jar:/home/afoone/.m2/repository/com/fasterxml/jackson/core/jackson-annotations/2.10.5/jackson-annotations-2.10.5.jar:/home/afoone/.m2/repository/com/fasterxml/jackson/core/jackson-core/2.10.5/jackson-core-2.10.5.jar:/home/afoone/.m2/repository/com/fasterxml/jackson/module/jackson-module-scala_2.13/2.10.5/jackson-module-scala_2.13-2.10.5.jar:/home/afoone/.m2/repository/com/fasterxml/jackson/module/jackson-module-paranamer/2.10.5/jackson-module-paranamer-2.10.5.jar:/home/afoone/.m2/repository/com/thoughtworks/paranamer/paranamer/2.8/paranamer-2.8.jar:/home/afoone/.m2/repository/com/fasterxml/jackson/dataformat/jackson-dataformat-csv/2.10.5/jackson-dataformat-csv-2.10.5.jar:/home/afoone/.m2/repository/com/fasterxml/jackson/datatype/jackson-datatype-jdk8/2.10.5/jackson-datatype-jdk8-2.10.5.jar:/home/afoone/.m2/repository/net/sf/jopt-simple/jopt-simple/5.0.4/jopt-simple-5.0.4.jar:/home/afoone/.m2/repository/com/yammer/metrics/metrics-core/2.2.0/metrics-core-2.2.0.jar:/home/afoone/.m2/repository/org/scala-lang/modules/scala-collection-compat_2.13/2.3.0/scala-collection-compat_2.13-2.3.0.jar:/home/afoone/.m2/repository/org/scala-lang/modules/scala-java8-compat_2.13/0.9.1/scala-java8-compat_2.13-0.9.1.jar:/home/afoone/.m2/repository/org/scala-lang/scala-library/2.13.5/scala-library-2.13.5.jar:/home/afoone/.m2/repository/org/scala-lang/scala-reflect/2.13.5/scala-reflect-2.13.5.jar:/home/afoone/.m2/repository/com/typesafe/scala-logging/scala-logging_2.13/3.9.2/scala-logging_2.13-3.9.2.jar:/home/afoone/.m2/repository/org/slf4j/slf4j-api/1.7.30/slf4j-api-1.7.30.jar:/home/afoone/.m2/repository/org/apache/zookeeper/zookeeper/3.5.9/zookeeper-3.5.9.jar:/home/afoone/.m2/repository/org/apache/zookeeper/zookeeper-jute/3.5.9/zookeeper-jute-3.5.9.jar:/home/afoone/.m2/repository/org/apache/yetus/audience-annotations/0.5.0/audience-annotations-0.5.0.jar:/home/afoone/.m2/repository/io/netty/netty-handler/4.1.50.Final/netty-handler-4.1.50.Final.jar:/home/afoone/.m2/repository/io/netty/netty-common/4.1.50.Final/netty-common-4.1.50.Final.jar:/home/afoone/.m2/repository/io/netty/netty-resolver/4.1.50.Final/netty-resolver-4.1.50.Final.jar:/home/afoone/.m2/repository/io/netty/netty-buffer/4.1.50.Final/netty-buffer-4.1.50.Final.jar:/home/afoone/.m2/repository/io/netty/netty-transport/4.1.50.Final/netty-transport-4.1.50.Final.jar:/home/afoone/.m2/repository/io/netty/netty-codec/4.1.50.Final/netty-codec-4.1.50.Final.jar:/home/afoone/.m2/repository/io/netty/netty-transport-native-epoll/4.1.50.Final/netty-transport-native-epoll-4.1.50.Final.jar:/home/afoone/.m2/repository/io/netty/netty-transport-native-unix-common/4.1.50.Final/netty-transport-native-unix-common-4.1.50.Final.jar:/home/afoone/.m2/repository/commons-cli/commons-cli/1.4/commons-cli-1.4.jar:/home/afoone/.m2/repository/org/apache/kafka/kafka-clients/2.8.0/kafka-clients-2.8.0.jar:/home/afoone/.m2/repository/com/github/luben/zstd-jni/1.4.9-1/zstd-jni-1.4.9-1.jar:/home/afoone/.m2/repository/org/lz4/lz4-java/1.7.1/lz4-java-1.7.1.jar:/home/afoone/.m2/repository/org/xerial/snappy/snappy-java/1.1.8.1/snappy-java-1.1.8.1.jar:"/>
    <property name="java.vm.vendor" value="Oracle Corporation"/>
    <property name="sun.arch.data.model" value="64"/>
    <property name="java.vendor.url" value="http://java.oracle.com/"/>
    <property name="user.timezone" value=""/>
    <property name="java.vm.specification.version" value="1.8"/>
    <property name="os.name" value="Linux"/>
    <property name="user.country" value="ES"/>
    <property name="sun.java.launcher" value="SUN_STANDARD"/>
    <property name="sun.boot.library.path" value="/opt/jdk/jdk1.8.0_281/jre/lib/amd64"/>
    <property name="sun.java.command" value="/home/afoone/desarrollo/cursos/kafka/kafkajun2020/01-producers/kafkaproducers/target/surefire/surefirebooter5202777921959813791.jar /home/afoone/desarrollo/cursos/kafka/kafkajun2020/01-producers/kafkaproducers/target/surefire 2021-06-08T17-05-35_194-jvmRun1 surefire8336110565109927727tmp surefire_07412535890282181009tmp"/>
    <property name="surefire.test.class.path" value="/home/afoone/desarrollo/cursos/kafka/kafkajun2020/01-producers/kafkaproducers/target/test-classes:/home/afoone/desarrollo/cursos/kafka/kafkajun2020/01-producers/kafkaproducers/target/classes:/home/afoone/.m2/repository/junit/junit/4.11/junit-4.11.jar:/home/afoone/.m2/repository/org/hamcrest/hamcrest-core/1.3/hamcrest-core-1.3.jar:/home/afoone/.m2/repository/org/apache/kafka/kafka_2.13/2.8.0/kafka_2.13-2.8.0.jar:/home/afoone/.m2/repository/org/apache/kafka/kafka-metadata/2.8.0/kafka-metadata-2.8.0.jar:/home/afoone/.m2/repository/org/apache/kafka/kafka-raft/2.8.0/kafka-raft-2.8.0.jar:/home/afoone/.m2/repository/net/sourceforge/argparse4j/argparse4j/0.7.0/argparse4j-0.7.0.jar:/home/afoone/.m2/repository/com/fasterxml/jackson/core/jackson-databind/2.10.5.1/jackson-databind-2.10.5.1.jar:/home/afoone/.m2/repository/com/fasterxml/jackson/core/jackson-annotations/2.10.5/jackson-annotations-2.10.5.jar:/home/afoone/.m2/repository/com/fasterxml/jackson/core/jackson-core/2.10.5/jackson-core-2.10.5.jar:/home/afoone/.m2/repository/com/fasterxml/jackson/module/jackson-module-scala_2.13/2.10.5/jackson-module-scala_2.13-2.10.5.jar:/home/afoone/.m2/repository/com/fasterxml/jackson/module/jackson-module-paranamer/2.10.5/jackson-module-paranamer-2.10.5.jar:/home/afoone/.m2/repository/com/thoughtworks/paranamer/paranamer/2.8/paranamer-2.8.jar:/home/afoone/.m2/repository/com/fasterxml/jackson/dataformat/jackson-dataformat-csv/2.10.5/jackson-dataformat-csv-2.10.5.jar:/home/afoone/.m2/repository/com/fasterxml/jackson/datatype/jackson-datatype-jdk8/2.10.5/jackson-datatype-jdk8-2.10.5.jar:/home/afoone/.m2/repository/net/sf/jopt-simple/jopt-simple/5.0.4/jopt-simple-5.0.4.jar:/home/afoone/.m2/repository/com/yammer/metrics/metrics-core/2.2.0/metrics-core-2.2.0.jar:/home/afoone/.m2/repository/org/scala-lang/modules/scala-collection-compat_2.13/2.3.0/scala-collection-compat_2.13-2.3.0.jar:/home/afoone/.m2/repository/org/scala-lang/modules/scala-java8-compat_2.13/0.9.1/scala-java8-compat_2.13-0.9.1.jar:/home/afoone/.m2/repository/org/scala-lang/scala-library/2.13.5/scala-library-2.13.5.jar:/home/afoone/.m2/repository/org/scala-lang/scala-reflect/2.13.5/scala-reflect-2.13.5.jar:/home/afoone/.m2/repository/com/typesafe/scala-logging/scala-logging_2.13/3.9.2/scala-logging_2.13-3.9.2.jar:/home/afoone/.m2/repository/org/slf4j/slf4j-api/1.7.30/slf4j-api-1.7.30.jar:/home/afoone/.m2/repository/org/apache/zookeeper/zookeeper/3.5.9/zookeeper-3.5.9.jar:/home/afoone/.m2/repository/org/apache/zookeeper/zookeeper-jute/3.5.9/zookeeper-jute-3.5.9.jar:/home/afoone/.m2/repository/org/apache/yetus/audience-annotations/0.5.0/audience-annotations-0.5.0.jar:/home/afoone/.m2/repository/io/netty/netty-handler/4.1.50.Final/netty-handler-4.1.50.Final.jar:/home/afoone/.m2/repository/io/netty/netty-common/4.1.50.Final/netty-common-4.1.50.Final.jar:/home/afoone/.m2/repository/io/netty/netty-resolver/4.1.50.Final/netty-resolver-4.1.50.Final.jar:/home/afoone/.m2/repository/io/netty/netty-buffer/4.1.50.Final/netty-buffer-4.1.50.Final.jar:/home/afoone/.m2/repository/io/netty/netty-transport/4.1.50.Final/netty-transport-4.1.50.Final.jar:/home/afoone/.m2/repository/io/netty/netty-codec/4.1.50.Final/netty-codec-4.1.50.Final.jar:/home/afoone/.m2/repository/io/netty/netty-transport-native-epoll/4.1.50.Final/netty-transport-native-epoll-4.1.50.Final.jar:/home/afoone/.m2/repository/io/netty/netty-transport-native-unix-common/4.1.50.Final/netty-transport-native-unix-common-4.1.50.Final.jar:/home/afoone/.m2/repository/commons-cli/commons-cli/1.4/commons-cli-1.4.jar:/home/afoone/.m2/repository/org/apache/kafka/kafka-clients/2.8.0/kafka-clients-2.8.0.jar:/home/afoone/.m2/repository/com/github/luben/zstd-jni/1.4.9-1/zstd-jni-1.4.9-1.jar:/home/afoone/.m2/repository/org/lz4/lz4-java/1.7.1/lz4-java-1.7.1.jar:/home/afoone/.m2/repository/org/xerial/snappy/snappy-java/1.1.8.1/snappy-java-1.1.8.1.jar:"/>
    <property name="sun.cpu.endian" value="little"/>
    <property name="user.home" value="/home/afoone"/>
    <property name="user.language" value="es"/>
    <property name="java.specification.vendor" value="Oracle Corporation"/>
    <property name="java.home" value="/opt/jdk/jdk1.8.0_281/jre"/>
    <property name="basedir" value="/home/afoone/desarrollo/cursos/kafka/kafkajun2020/01-producers/kafkaproducers"/>
    <property name="file.separator" value="/"/>
    <property name="line.separator" value="&#10;"/>
    <property name="java.vm.specification.vendor" value="Oracle Corporation"/>
    <property name="java.specification.name" value="Java Platform API Specification"/>
    <property name="java.awt.graphicsenv" value="sun.awt.X11GraphicsEnvironment"/>
    <property name="surefire.real.class.path" value="/home/afoone/desarrollo/cursos/kafka/kafkajun2020/01-producers/kafkaproducers/target/surefire/surefirebooter5202777921959813791.jar"/>
    <property name="sun.boot.class.path" value="/opt/jdk/jdk1.8.0_281/jre/lib/resources.jar:/opt/jdk/jdk1.8.0_281/jre/lib/rt.jar:/opt/jdk/jdk1.8.0_281/jre/lib/sunrsasign.jar:/opt/jdk/jdk1.8.0_281/jre/lib/jsse.jar:/opt/jdk/jdk1.8.0_281/jre/lib/jce.jar:/opt/jdk/jdk1.8.0_281/jre/lib/charsets.jar:/opt/jdk/jdk1.8.0_281/jre/lib/jfr.jar:/opt/jdk/jdk1.8.0_281/jre/classes"/>
    <property name="sun.management.compiler" value="HotSpot 64-Bit Tiered Compilers"/>
    <property name="java.runtime.version" value="1.8.0_281-b09"/>
    <property name="user.name" value="afoone"/>
    <property name="path.separator" value=":"/>
    <property name="os.version" value="5.8.0-53-generic"/>
    <property name="java.endorsed.dirs" value="/opt/jdk/jdk1.8.0_281/jre/lib/endorsed"/>
    <property name="java.runtime.name" value="Java(TM) SE Runtime Environment"/>
    <property name="file.encoding" value="UTF-8"/>
    <property name="java.vm.name" value="Java HotSpot(TM) 64-Bit Server VM"/>
    <property name="localRepository" value="/home/afoone/.m2/repository"/>
    <property name="java.vendor.url.bug" value="http://bugreport.sun.com/bugreport/"/>
    <property name="java.io.tmpdir" value="/tmp"/>
    <property name="java.version" value="1.8.0_281"/>
    <property name="user.dir" value="/home/afoone/desarrollo/cursos/kafka/kafkajun2020/01-producers/kafkaproducers"/>
    <property name="os.arch" value="amd64"/>
    <property name="java.vm.specification.name" value="Java Virtual Machine Specification"/>
    <property name="java.awt.printerjob" value="sun.print.PSPrinterJob"/>
    <property name="sun.os.patch.level" value="unknown"/>
    <property name="java.library.path" value="/usr/java/packages/lib/amd64:/usr/lib64:/lib64:/lib:/usr/lib"/>
    <property name="java.vm.info" value="mixed mode"/>
    <property name="java.vendor" value="Oracle Corporation"/>
    <property name="java.vm.version" value="25.281-b09"/>
    <property name="java.ext.dirs" value="/opt/jdk/jdk1.8.0_281/jre/lib/ext:/usr/java/packages/lib/ext"/>
    <property name="sun.io.unicode.encoding" value="UnicodeLittle"/>
    <property name="java.class.version" value="52.0"/>
  </properties>
  <testcase name="shouldAnswerWithTrue" classname="com.afoone.AppTest" time="0.003"/>
</testsuite>